xyz スギ薬局 2024/01/30 スギ薬局　金沢大手町店 279
xyz スギ薬局 2024/01/24 スギ薬局　金沢大手町店 574
xyz スギ薬局 2024/01/23 スギ薬局　金沢大手町店 602
xyz スギ薬局 2024/01/22 スギ薬局　金沢大手町店 616
xyz スギ薬局 2024/01/19 スギ薬局　金沢大手町店 103
xyz スギ薬局 2024/01/12 スギ薬局　金沢大手町店 472
xyz ｿﾌﾄﾊﾞﾝｸｴﾑ ｿﾌﾄﾊﾞﾝｸｴﾑ 558
xyz ｿﾌﾄﾊﾞﾝｸｴﾑ ｿﾌﾄﾊﾞﾝｸｴﾑ 572
xyz スギ薬局 2024/01/07 スギ薬局　金沢大手町店 700
xyz ドコモご利用料金 2023/12/31 ドコモご利用料金　　　　　０１月分 330
== dump notredactdict ==
{0: [279, 574, 602, 616], 1: [103, 472, 558, 572, 700], 2: [330], 3: []}
+++ PAGE 0
found=True skip 279 279 2024/01/30 スギ薬局　金沢大手町店
found=True skip 279 574 2024/01/24 スギ薬局　金沢大手町店
found=True skip 279 602 2024/01/23 スギ薬局　金沢大手町店
found=True skip 279 616 2024/01/22 スギ薬局　金沢大手町店
found=True skip 279 279 家族*
found=True skip 279 574 家族*
found=True skip 279 602 家族*
found=True skip 279 616 家族*
found=True skip 279 279 1回払い
found=True skip 279 574 1回払い
found=True skip 279 602 1回払い
found=True skip 279 616 1回払い
found=True skip 279 279 1,631
found=True skip 279 279 0
found=True skip 279 279 1,631
found=True skip 279 279 1,631
found=True skip 279 279 0
found=True skip 279 574 1,467
found=True skip 279 574 0
found=True skip 279 574 1,467
found=True skip 279 574 1,467
found=True skip 279 574 0
found=True skip 279 602 1,870
found=True skip 279 602 0
found=True skip 279 602 1,870
found=True skip 279 602 1,870
found=True skip 279 602 0
found=True skip 279 616 1,147
found=True skip 279 616 0
found=True skip 279 616 1,147
found=True skip 279 616 1,147
found=True skip 279 616 0
+++ PAGE 1
found=True skip 103 103 2024/01/19 スギ薬局　金沢大手町店
found=True skip 103 472 2024/01/12 スギ薬局　金沢大手町店
found=True skip 103 558 2024/01/10
found=True skip 103 558 ｿﾌﾄﾊﾞﾝｸｴﾑ
found=True skip 103 572 2024/01/10
found=True skip 103 572 ｿﾌﾄﾊﾞﾝｸｴﾑ
found=True skip 103 700 2024/01/07 スギ薬局　金沢大手町店
found=True skip 103 103 家族*
found=True skip 103 472 家族*
found=True skip 103 558 本人*
found=True skip 103 572 家族*
found=True skip 103 700 家族*
found=True skip 103 103 1回払い
found=True skip 103 472 1回払い
found=True skip 103 558 1回払い
found=True skip 103 572 1回払い
found=True skip 103 700 1回払い
found=True skip 103 103 2,361
found=True skip 103 103 0
found=True skip 103 103 2,361
found=True skip 103 103 2,361
found=True skip 103 103 0
found=True skip 103 472 1,315
found=True skip 103 472 0
found=True skip 103 472 1,315
found=True skip 103 472 1,315
found=True skip 103 472 0
found=True skip 103 558 17,474
found=True skip 103 558 0
found=True skip 103 558 17,474
found=True skip 103 558 17,474
found=True skip 103 558 0
found=True skip 103 572 11,099
found=True skip 103 572 0
found=True skip 103 572 11,099
found=True skip 103 572 11,099
found=True skip 103 572 0
found=True skip 103 700 1,153
found=True skip 103 700 0
found=True skip 103 700 1,153
found=True skip 103 700 1,153
found=True skip 103 700 0
+++ PAGE 2
found=True skip 330 330 2023/12/31 ドコモご利用料金　　　　　０１月分
found=True skip 330 330 本人*
found=True skip 330 330 1回払い
found=True skip 330 330 3,853
found=True skip 330 330 0
found=True skip 330 330 3,853
found=True skip 330 330 3,853
found=True skip 330 330 0
+++ PAGE 3
Successfully redacted
